<?xml version="1.0" encoding="UTF-8"?>
<!-- Generated by org.testng.reporters.JUnitXMLReporter -->
<testsuite hostname="DESKTOP-C8H77MF" ignored="0" name="Test" tests="7" failures="0" timestamp="2021-07-02T21:12:11 IST" time="33.983" errors="0">
  <testcase name="@BeforeMethod tools" time="3.549" classname="com.qa.base.Tools">
    <failure type="org.openqa.selenium.NoSuchWindowException" message="no such window: target window already closed
from unknown error: web view not found
  (Session info: chrome=91.0.4472.124)
Build info: version: &amp;apos;3.141.59&amp;apos;, revision: &amp;apos;e82be7d358&amp;apos;, time: &amp;apos;2018-11-14T08:17:03&amp;apos;
System info: host: &amp;apos;DESKTOP-C8H77MF&amp;apos;, ip: &amp;apos;192.168.0.118&amp;apos;, os.name: &amp;apos;Windows 10&amp;apos;, os.arch: &amp;apos;amd64&amp;apos;, os.version: &amp;apos;10.0&amp;apos;, java.version: &amp;apos;1.8.0_271&amp;apos;
Driver info: org.openqa.selenium.chrome.ChromeDriver
Capabilities {acceptInsecureCerts: false, browserName: chrome, browserVersion: 91.0.4472.124, chrome: {chromedriverVersion: 91.0.4472.19 (1bf021f248676..., userDataDir: C:\Users\Admin\AppData\Loca...}, goog:chromeOptions: {debuggerAddress: localhost:54933}, javascriptEnabled: true, networkConnectionEnabled: false, pageLoadStrategy: normal, platform: WINDOWS, platformName: WINDOWS, proxy: Proxy(), setWindowRect: true, strictFileInteractability: false, timeouts: {implicit: 0, pageLoad: 300000, script: 30000}, unhandledPromptBehavior: dismiss and notify, webauthn:extension:largeBlob: true, webauthn:virtualAuthenticators: true}
Session ID: f91c5ae029a1d22d107dce4c93170cef
*** Element info: {Using=xpath, value=//div[text()=&amp;apos;Accept&amp;apos;]}">
      <![CDATA[org.openqa.selenium.NoSuchWindowException: no such window: target window already closed
from unknown error: web view not found
  (Session info: chrome=91.0.4472.124)
Build info: version: '3.141.59', revision: 'e82be7d358', time: '2018-11-14T08:17:03'
System info: host: 'DESKTOP-C8H77MF', ip: '192.168.0.118', os.name: 'Windows 10', os.arch: 'amd64', os.version: '10.0', java.version: '1.8.0_271'
Driver info: org.openqa.selenium.chrome.ChromeDriver
Capabilities {acceptInsecureCerts: false, browserName: chrome, browserVersion: 91.0.4472.124, chrome: {chromedriverVersion: 91.0.4472.19 (1bf021f248676..., userDataDir: C:\Users\Admin\AppData\Loca...}, goog:chromeOptions: {debuggerAddress: localhost:54933}, javascriptEnabled: true, networkConnectionEnabled: false, pageLoadStrategy: normal, platform: WINDOWS, platformName: WINDOWS, proxy: Proxy(), setWindowRect: true, strictFileInteractability: false, timeouts: {implicit: 0, pageLoad: 300000, script: 30000}, unhandledPromptBehavior: dismiss and notify, webauthn:extension:largeBlob: true, webauthn:virtualAuthenticators: true}
Session ID: f91c5ae029a1d22d107dce4c93170cef
*** Element info: {Using=xpath, value=//div[text()='Accept']}
at org.openqa.selenium.remote.http.W3CHttpResponseCodec.createException(W3CHttpResponseCodec.java:187)
at org.openqa.selenium.remote.http.W3CHttpResponseCodec.decode(W3CHttpResponseCodec.java:122)
at org.openqa.selenium.remote.http.W3CHttpResponseCodec.decode(W3CHttpResponseCodec.java:49)
at org.openqa.selenium.remote.HttpCommandExecutor.execute(HttpCommandExecutor.java:158)
at org.openqa.selenium.remote.service.DriverCommandExecutor.execute(DriverCommandExecutor.java:83)
at org.openqa.selenium.remote.RemoteWebDriver.execute(RemoteWebDriver.java:552)
at org.openqa.selenium.remote.RemoteWebDriver.findElement(RemoteWebDriver.java:323)
at org.openqa.selenium.remote.RemoteWebDriver.findElementByXPath(RemoteWebDriver.java:428)
at org.openqa.selenium.By$ByXPath.findElement(By.java:353)
at org.openqa.selenium.remote.RemoteWebDriver.findElement(RemoteWebDriver.java:315)
at com.qa.base.Tools.tools(Tools.java:35)
at java.util.ArrayList.forEach(ArrayList.java:1259)
... Removed 35 stack frames]]>
    </failure>
  </testcase> <!-- @BeforeMethod tools -->
  <testcase name="@BeforeMethod setUp" time="-1.625240500911E9" classname="com.qa.koovs.testcase.LoginTest">
    <skipped/>
  </testcase> <!-- @BeforeMethod setUp -->
  <testcase name="@AfterMethod closeBrowser" time="-1.625240500917E9" classname="com.qa.koovs.testcase.LoginTest">
    <skipped/>
  </testcase> <!-- @AfterMethod closeBrowser -->
  <testcase name="@BeforeMethod setUp" time="-1.625240504536E9" classname="com.qa.koovs.testcase.LoginTest">
    <skipped/>
  </testcase> <!-- @BeforeMethod setUp -->
  <testcase name="@AfterMethod closeBrowser" time="-1.625240504543E9" classname="com.qa.koovs.testcase.LoginTest">
    <skipped/>
  </testcase> <!-- @AfterMethod closeBrowser -->
  <testcase name="@BeforeMethod setUp" time="-1.625240508422E9" classname="com.qa.koovs.testcase.LoginTest">
    <skipped/>
  </testcase> <!-- @BeforeMethod setUp -->
  <testcase name="@AfterMethod closeBrowser" time="-1.625240508424E9" classname="com.qa.koovs.testcase.LoginTest">
    <skipped/>
  </testcase> <!-- @AfterMethod closeBrowser -->
  <testcase name="@BeforeMethod setUp" time="-1.6252405135E9" classname="com.qa.koovs.testcase.LoginTest">
    <skipped/>
  </testcase> <!-- @BeforeMethod setUp -->
  <testcase name="@AfterMethod closeBrowser" time="-1.625240513502E9" classname="com.qa.koovs.testcase.LoginTest">
    <skipped/>
  </testcase> <!-- @AfterMethod closeBrowser -->
  <testcase name="@BeforeMethod setUp" time="-1.625240518969E9" classname="com.qa.koovs.testcase.LoginTest">
    <skipped/>
  </testcase> <!-- @BeforeMethod setUp -->
  <testcase name="@AfterMethod closeBrowser" time="-1.625240518972E9" classname="com.qa.koovs.testcase.LoginTest">
    <skipped/>
  </testcase> <!-- @AfterMethod closeBrowser -->
  <testcase name="@BeforeMethod setUp" time="-1.625240525659E9" classname="com.qa.koovs.testcase.LoginTest">
    <skipped/>
  </testcase> <!-- @BeforeMethod setUp -->
  <testcase name="@AfterMethod closeBrowser" time="-1.625240525663E9" classname="com.qa.koovs.testcase.LoginTest">
    <skipped/>
  </testcase> <!-- @AfterMethod closeBrowser -->
  <testcase name="@BeforeMethod setUp" time="-1.625240531303E9" classname="com.qa.koovs.testcase.LoginTest">
    <skipped/>
  </testcase> <!-- @BeforeMethod setUp -->
  <testcase name="@AfterMethod closeBrowser" time="-1.625240531305E9" classname="com.qa.koovs.testcase.LoginTest">
    <skipped/>
  </testcase> <!-- @AfterMethod closeBrowser -->
  <testcase name="verifyHomePageTitleTest1" time="0.0" classname="com.qa.koovs.testcase.LoginTest">
    <skipped/>
  </testcase> <!-- verifyHomePageTitleTest1 -->
  <testcase name="verifyCorrectLoginLabel1" time="0.0" classname="com.qa.koovs.testcase.LoginTest">
    <skipped/>
  </testcase> <!-- verifyCorrectLoginLabel1 -->
  <testcase name="verifyHomePageLogin" time="0.0" classname="com.qa.koovs.testcase.LoginTest">
    <skipped/>
  </testcase> <!-- verifyHomePageLogin -->
  <testcase name="verifyLoginTitlelogo" time="0.0" classname="com.qa.koovs.testcase.LoginTest">
    <skipped/>
  </testcase> <!-- verifyLoginTitlelogo -->
  <testcase name="verifyLoginPageTitleTest" time="0.0" classname="com.qa.koovs.testcase.LoginTest">
    <skipped/>
  </testcase> <!-- verifyLoginPageTitleTest -->
  <testcase name="verifyloginTest" time="0.0" classname="com.qa.koovs.testcase.LoginTest">
    <skipped/>
  </testcase> <!-- verifyloginTest -->
  <testcase name="verifyloginTest" time="0.0" classname="com.qa.koovs.testcase.LoginTest">
    <skipped/>
  </testcase> <!-- verifyloginTest -->
</testsuite> <!-- Test -->
